In file included from [01m[K/opt/ros/foxy/include/rclcpp/service.hpp:34[m[K,
                 from [01m[K/opt/ros/foxy/include/rclcpp/callback_group.hpp:25[m[K,
                 from [01m[K/opt/ros/foxy/include/rclcpp/any_executable.hpp:20[m[K,
                 from [01m[K/opt/ros/foxy/include/rclcpp/memory_strategy.hpp:24[m[K,
                 from [01m[K/opt/ros/foxy/include/rclcpp/memory_strategies.hpp:18[m[K,
                 from [01m[K/opt/ros/foxy/include/rclcpp/executor_options.hpp:20[m[K,
                 from [01m[K/opt/ros/foxy/include/rclcpp/executor.hpp:33[m[K,
                 from [01m[K/opt/ros/foxy/include/rclcpp/executors/multi_threaded_executor.hpp:26[m[K,
                 from [01m[K/opt/ros/foxy/include/rclcpp/executors.hpp:21[m[K,
                 from [01m[K/opt/ros/foxy/include/rclcpp/rclcpp.hpp:146[m[K,
                 from [01m[K/home/jj/tasktown_ws/src/village_task/src/task.cpp:2[m[K:
[01m[K/home/jj/tasktown_ws/src/village_task/src/task.cpp:[m[K In static member function ‘[01m[Kstatic void TaskRequestNode::signal_handler(int)[m[K’:
[01m[K/home/jj/tasktown_ws/src/village_task/src/task.cpp:154:25:[m[K [01;31m[Kerror: [m[K‘[01m[Kthis[m[K’ is unavailable for static member functions
  154 |             RCLCPP_INFO([01;31m[Kthis[m[K->get_logger(), "接收到 Ctrl+C，发送结束信号");
      |                         [01;31m[K^~~~[m[K
[01m[K/home/jj/tasktown_ws/src/village_task/src/task.cpp:154:25:[m[K [01;31m[Kerror: [m[K‘[01m[Kthis[m[K’ is unavailable for static member functions
[01m[K/home/jj/tasktown_ws/src/village_task/src/task.cpp:154:13:[m[K [01;31m[Kerror: [m[Ktemplate argument 1 is invalid
  154 |             [01;31m[KRCLCPP_INFO[m[K(this->get_logger(), "接收到 Ctrl+C，发送结束信号");
      |             [01;31m[K^~~~~~~~~~~[m[K
[01m[K/home/jj/tasktown_ws/src/village_task/src/task.cpp:154:13:[m[K [01;31m[Kerror: [m[Ktemplate argument 1 is invalid
  154 |             [01;31m[KRCLCPP_INFO[m[K(this->get_logger(), "接收到 Ctrl+C，发送结束信号");
      |             [01;31m[K^~~~~~~~~~~[m[K
[01m[K/home/jj/tasktown_ws/src/village_task/src/task.cpp:154:13:[m[K [01;31m[Kerror: [m[Ktemplate argument 1 is invalid
  154 |             [01;31m[KRCLCPP_INFO[m[K(this->get_logger(), "接收到 Ctrl+C，发送结束信号");
      |             [01;31m[K^~~~~~~~~~~[m[K
In file included from [01m[K/opt/ros/foxy/include/rclcpp/client.hpp:40[m[K,
                 from [01m[K/opt/ros/foxy/include/rclcpp/callback_group.hpp:23[m[K,
                 from [01m[K/opt/ros/foxy/include/rclcpp/any_executable.hpp:20[m[K,
                 from [01m[K/opt/ros/foxy/include/rclcpp/memory_strategy.hpp:24[m[K,
                 from [01m[K/opt/ros/foxy/include/rclcpp/memory_strategies.hpp:18[m[K,
                 from [01m[K/opt/ros/foxy/include/rclcpp/executor_options.hpp:20[m[K,
                 from [01m[K/opt/ros/foxy/include/rclcpp/executor.hpp:33[m[K,
                 from [01m[K/opt/ros/foxy/include/rclcpp/executors/multi_threaded_executor.hpp:26[m[K,
                 from [01m[K/opt/ros/foxy/include/rclcpp/executors.hpp:21[m[K,
                 from [01m[K/opt/ros/foxy/include/rclcpp/rclcpp.hpp:146[m[K,
                 from [01m[K/home/jj/tasktown_ws/src/village_task/src/task.cpp:2[m[K:
[01m[K/home/jj/tasktown_ws/src/village_task/src/task.cpp:154:25:[m[K [01;31m[Kerror: [m[K‘[01m[Kthis[m[K’ is unavailable for static member functions
  154 |             RCLCPP_INFO([01;31m[Kthis[m[K->get_logger(), "接收到 Ctrl+C，发送结束信号");
      |                         [01;31m[K^~~~[m[K
[01m[K/home/jj/tasktown_ws/src/village_task/src/task.cpp:154:25:[m[K [01;31m[Kerror: [m[K‘[01m[Kthis[m[K’ is unavailable for static member functions
  154 |             RCLCPP_INFO([01;31m[Kthis[m[K->get_logger(), "接收到 Ctrl+C，发送结束信号");
      |                         [01;31m[K^~~~[m[K
make[2]: *** [CMakeFiles/task_node.dir/build.make:63：CMakeFiles/task_node.dir/src/task.cpp.o] 错误 1
make[1]: *** [CMakeFiles/Makefile2:78：CMakeFiles/task_node.dir/all] 错误 2
make: *** [Makefile:141：all] 错误 2
