[0.043s] Invoking command in '/home/jj/tasktown_ws/build/village_task': CMAKE_PREFIX_PATH=/home/jj/tasktown_ws/install/village_interfaces:/home/jj/tasktown_ws/install/village_taskgroups:/home/jj/tasktown_ws/install/village_task:/home/jj/tasktown_ws/install/village_operator:/opt/ros/foxy /usr/bin/cmake --build /home/jj/tasktown_ws/build/village_task -- -j2 -l2
[0.194s] [35m[1mScanning dependencies of target task_node[0m
[0.261s] [ 50%] [32mBuilding CXX object CMakeFiles/task_node.dir/src/task.cpp.o[0m
[2.358s] [01m[K/home/jj/tasktown_ws/src/village_task/src/task.cpp:[m[K In constructor â€˜[01m[KTaskRequestNode::TaskRequestNode(const string&)[m[Kâ€™:
[2.358s] [01m[K/home/jj/tasktown_ws/src/village_task/src/task.cpp:29:28:[m[K [01;31m[Kerror: [m[Kâ€˜[01m[Kusing element_type = class rclcpp::AsyncParametersClient[m[Kâ€™ {aka â€˜[01m[Kclass rclcpp::AsyncParametersClient[m[Kâ€™} has no member named â€˜[01m[Kset_parameters_automically[m[Kâ€™; did you mean â€˜[01m[Kset_parameters_atomically[m[Kâ€™?
[2.358s]    29 |         parameter_client_->[01;31m[Kset_parameters_automically[m[K(params);
[2.358s]       |                            [01;31m[K^~~~~~~~~~~~~~~~~~~~~~~~~~[m[K
[2.358s]       |                            [32m[Kset_parameters_atomically[m[K
[3.506s] make[2]: *** [CMakeFiles/task_node.dir/build.make:63ï¼šCMakeFiles/task_node.dir/src/task.cpp.o] é”™è¯¯ 1
[3.507s] make[1]: *** [CMakeFiles/Makefile2:78ï¼šCMakeFiles/task_node.dir/all] é”™è¯¯ 2
[3.507s] make: *** [Makefile:141ï¼šall] é”™è¯¯ 2
[3.509s] Invoked command in '/home/jj/tasktown_ws/build/village_task' returned '2': CMAKE_PREFIX_PATH=/home/jj/tasktown_ws/install/village_interfaces:/home/jj/tasktown_ws/install/village_taskgroups:/home/jj/tasktown_ws/install/village_task:/home/jj/tasktown_ws/install/village_operator:/opt/ros/foxy /usr/bin/cmake --build /home/jj/tasktown_ws/build/village_task -- -j2 -l2
