[0.042s] Invoking command in '/home/jj/tasktown_ws/build/village_task': CMAKE_PREFIX_PATH=/home/jj/tasktown_ws/install/village_interfaces:/home/jj/tasktown_ws/install/village_taskgroups:/home/jj/tasktown_ws/install/village_task:/home/jj/tasktown_ws/install/village_operator:/opt/ros/foxy /usr/bin/cmake --build /home/jj/tasktown_ws/build/village_task -- -j4 -l4
[0.153s] [35m[1mScanning dependencies of target task_node[0m
[0.227s] [ 50%] [32mBuilding CXX object CMakeFiles/task_node.dir/src/task.cpp.o[0m
[2.029s] [01m[K/home/jj/tasktown_ws/src/village_task/src/task.cpp:[m[K In constructor â€˜[01m[KTaskRequestNode::TaskRequestNode(const string&)[m[Kâ€™:
[2.029s] [01m[K/home/jj/tasktown_ws/src/village_task/src/task.cpp:41:23:[m[K [01;31m[Kerror: [m[Kinvalid use of non-static member function â€˜[01m[Kvoid TaskRequestNode::signal_handler(int)[m[Kâ€™
[2.029s]    41 |         signal(SIGINT,[01;31m[Ksignal_handler[m[K);
[2.029s]       |                       [01;31m[K^~~~~~~~~~~~~~[m[K
[2.030s] [01m[K/home/jj/tasktown_ws/src/village_task/src/task.cpp:129:10:[m[K [01;36m[Knote: [m[Kdeclared here
[2.030s]   129 |     void [01;36m[Ksignal_handler[m[K(int sig) {
[2.030s]       |          [01;36m[K^~~~~~~~~~~~~~[m[K
[3.053s] make[2]: *** [CMakeFiles/task_node.dir/build.make:63ï¼šCMakeFiles/task_node.dir/src/task.cpp.o] é”™è¯¯ 1
[3.053s] make[1]: *** [CMakeFiles/Makefile2:78ï¼šCMakeFiles/task_node.dir/all] é”™è¯¯ 2
[3.053s] make: *** [Makefile:141ï¼šall] é”™è¯¯ 2
[3.057s] Invoked command in '/home/jj/tasktown_ws/build/village_task' returned '2': CMAKE_PREFIX_PATH=/home/jj/tasktown_ws/install/village_interfaces:/home/jj/tasktown_ws/install/village_taskgroups:/home/jj/tasktown_ws/install/village_task:/home/jj/tasktown_ws/install/village_operator:/opt/ros/foxy /usr/bin/cmake --build /home/jj/tasktown_ws/build/village_task -- -j4 -l4
