[0.039s] Invoking command in '/home/jj/tasktown_ws/build/village_task': CMAKE_PREFIX_PATH=/home/jj/tasktown_ws/install/village_interfaces:/home/jj/tasktown_ws/install/village_taskgroups:/home/jj/tasktown_ws/install/village_task:/home/jj/tasktown_ws/install/village_operator:/opt/ros/foxy /usr/bin/cmake --build /home/jj/tasktown_ws/build/village_task -- -j2 -l2
[0.187s] [35m[1mScanning dependencies of target task_node[0m
[0.270s] [ 50%] [32mBuilding CXX object CMakeFiles/task_node.dir/src/task.cpp.o[0m
[2.543s] [01m[K/home/jj/tasktown_ws/src/village_task/src/task.cpp:[m[K In constructor â€˜[01m[KTaskRequestNode::TaskRequestNode(const string&)[m[Kâ€™:
[2.543s] [01m[K/home/jj/tasktown_ws/src/village_task/src/task.cpp:44:30:[m[K [01;31m[Kerror: [m[Kinvalid use of non-static member function â€˜[01m[Kvoid TaskRequestNode::handle_signal(int)[m[Kâ€™
[2.543s]    44 |         signal(SIGINT, [01;31m[Kthis->handle_signal[m[K);
[2.543s]       |                        [01;31m[K~~~~~~^~~~~~~~~~~~~[m[K
[2.543s] [01m[K/home/jj/tasktown_ws/src/village_task/src/task.cpp:129:10:[m[K [01;36m[Knote: [m[Kdeclared here
[2.543s]   129 |     void [01;36m[Khandle_signal[m[K(int sig) {
[2.543s]       |          [01;36m[K^~~~~~~~~~~~~[m[K
[3.715s] make[2]: *** [CMakeFiles/task_node.dir/build.make:63ï¼šCMakeFiles/task_node.dir/src/task.cpp.o] é”™è¯¯ 1
[3.719s] make[1]: *** [CMakeFiles/Makefile2:78ï¼šCMakeFiles/task_node.dir/all] é”™è¯¯ 2
[3.719s] make: *** [Makefile:141ï¼šall] é”™è¯¯ 2
[3.722s] Invoked command in '/home/jj/tasktown_ws/build/village_task' returned '2': CMAKE_PREFIX_PATH=/home/jj/tasktown_ws/install/village_interfaces:/home/jj/tasktown_ws/install/village_taskgroups:/home/jj/tasktown_ws/install/village_task:/home/jj/tasktown_ws/install/village_operator:/opt/ros/foxy /usr/bin/cmake --build /home/jj/tasktown_ws/build/village_task -- -j2 -l2
