[35m[1mScanning dependencies of target task_node[0m
[ 50%] [32mBuilding CXX object CMakeFiles/task_node.dir/src/task.cpp.o[0m
[01m[K/home/jj/tasktown_ws/src/village_task/src/task.cpp:[m[K In constructor â€˜[01m[KTaskRequestNode::TaskRequestNode(const string&)[m[Kâ€™:
[01m[K/home/jj/tasktown_ws/src/village_task/src/task.cpp:27:9:[m[K [01;31m[Kerror: [m[Kâ€˜[01m[Kparameter_client_[m[Kâ€™ was not declared in this scope
   27 |         [01;31m[Kparameter_client_[m[K = std::make_shared<rclcpp::AsyncParametersClient>(this,"operator_node");
      |         [01;31m[K^~~~~~~~~~~~~~~~~[m[K
[01m[K/home/jj/tasktown_ws/src/village_task/src/task.cpp:29:9:[m[K [01;31m[Kerror: [m[Kâ€˜[01m[Kparameter_client[m[Kâ€™ was not declared in this scope; did you mean â€˜[01m[Kcreate_client[m[Kâ€™?
   29 |         [01;31m[Kparameter_client[m[K->set_parameters_automically(params);
      |         [01;31m[K^~~~~~~~~~~~~~~~[m[K
      |         [32m[Kcreate_client[m[K
make[2]: *** [CMakeFiles/task_node.dir/build.make:63ï¼šCMakeFiles/task_node.dir/src/task.cpp.o] é”™è¯¯ 1
make[1]: *** [CMakeFiles/Makefile2:78ï¼šCMakeFiles/task_node.dir/all] é”™è¯¯ 2
make: *** [Makefile:141ï¼šall] é”™è¯¯ 2
