[0.046s] Invoking command in '/home/jj/tasktown_ws/build/village_task': CMAKE_PREFIX_PATH=/home/jj/tasktown_ws/install/village_interfaces:/home/jj/tasktown_ws/install/village_taskgroups:/home/jj/tasktown_ws/install/village_task:/home/jj/tasktown_ws/install/village_operator:/opt/ros/foxy /usr/bin/cmake --build /home/jj/tasktown_ws/build/village_task -- -j4 -l4
[0.120s] [35m[1mScanning dependencies of target task_node[0m
[0.174s] [ 50%] [32mBuilding CXX object CMakeFiles/task_node.dir/src/task.cpp.o[0m
[2.148s] [01m[K/home/jj/tasktown_ws/src/village_task/src/task.cpp:[m[K In static member function â€˜[01m[Kstatic void TaskRequestNode::signal_handler(int)[m[Kâ€™:
[2.148s] [01m[K/home/jj/tasktown_ws/src/village_task/src/task.cpp:132:23:[m[K [01;31m[Kerror: [m[Kâ€˜[01m[Kclass TaskRequestNode[m[Kâ€™ has no member named â€˜[01m[Ksend_stop_signal[m[Kâ€™
[2.148s]   132 |             instance->[01;31m[Ksend_stop_signal[m[K();
[2.148s]       |                       [01;31m[K^~~~~~~~~~~~~~~~[m[K
[3.167s] make[2]: *** [CMakeFiles/task_node.dir/build.make:63ï¼šCMakeFiles/task_node.dir/src/task.cpp.o] é”™è¯¯ 1
[3.167s] make[1]: *** [CMakeFiles/Makefile2:78ï¼šCMakeFiles/task_node.dir/all] é”™è¯¯ 2
[3.167s] make: *** [Makefile:141ï¼šall] é”™è¯¯ 2
[3.173s] Invoked command in '/home/jj/tasktown_ws/build/village_task' returned '2': CMAKE_PREFIX_PATH=/home/jj/tasktown_ws/install/village_interfaces:/home/jj/tasktown_ws/install/village_taskgroups:/home/jj/tasktown_ws/install/village_task:/home/jj/tasktown_ws/install/village_operator:/opt/ros/foxy /usr/bin/cmake --build /home/jj/tasktown_ws/build/village_task -- -j4 -l4
