[35m[1mScanning dependencies of target operator_node[0m
[ 50%] [32mBuilding CXX object CMakeFiles/operator_node.dir/src/operator.cpp.o[0m
[01m[K/home/jj/tasktown_ws/src/village_operator/src/operator.cpp:[m[K In function ‘[01m[Kvoid printTime(const std::chrono::time_point<std::chrono::_V2::steady_clock, std::chrono::duration<long int, std::ratio<1, 1000000000> > >&)[m[K’:
[01m[K/home/jj/tasktown_ws/src/village_operator/src/operator.cpp:916:23:[m[K [01;31m[Kerror: [m[K‘[01m[Ksetw[m[K’ is not a member of ‘[01m[Kstd[m[K’; did you mean ‘[01m[Kset[m[K’?
  916 |     std::cout << std::[01;31m[Ksetw[m[K(8) << std::left << hours << ":" << minutes << "_" << seconds << "'";
      |                       [01;31m[K^~~~[m[K
      |                       [32m[Kset[m[K
[01m[K/home/jj/tasktown_ws/src/village_operator/src/operator.cpp:[m[K In function ‘[01m[Kvoid Show_result(std::vector<std::pair<std::vector<int>, std::vector<std::chrono::time_point<std::chrono::_V2::steady_clock, std::chrono::duration<long int, std::ratio<1, 1000000000> > > > > >)[m[K’:
[01m[K/home/jj/tasktown_ws/src/village_operator/src/operator.cpp:928:31:[m[K [01;31m[Kerror: [m[K‘[01m[Ksetw[m[K’ is not a member of ‘[01m[Kstd[m[K’; did you mean ‘[01m[Kset[m[K’?
  928 |             std::cout << std::[01;31m[Ksetw[m[K(8) << std::left << value[0] << " ";
      |                               [01;31m[K^~~~[m[K
      |                               [32m[Kset[m[K
[01m[K/home/jj/tasktown_ws/src/village_operator/src/operator.cpp:936:31:[m[K [01;31m[Kerror: [m[K‘[01m[Ksetw[m[K’ is not a member of ‘[01m[Kstd[m[K’; did you mean ‘[01m[Kset[m[K’?
  936 |             std::cout << std::[01;31m[Ksetw[m[K(8) << std::left << ((value == 1) ? "已完成" : (value == 2) ? "已过期" : "未完成") << " ";
      |                               [01;31m[K^~~~[m[K
      |                               [32m[Kset[m[K
make[2]: *** [CMakeFiles/operator_node.dir/build.make:63：CMakeFiles/operator_node.dir/src/operator.cpp.o] 错误 1
make[1]: *** [CMakeFiles/Makefile2:78：CMakeFiles/operator_node.dir/all] 错误 2
make: *** [Makefile:141：all] 错误 2
