[0.046s] Invoking command in '/home/jj/tasktown_ws/build/village_operator': CMAKE_PREFIX_PATH=/home/jj/tasktown_ws/install/village_interfaces:/home/jj/tasktown_ws/install/village_taskgroups:/home/jj/tasktown_ws/install/village_task:/home/jj/tasktown_ws/install/village_operator:/opt/ros/foxy /usr/bin/cmake --build /home/jj/tasktown_ws/build/village_operator -- -j4 -l4
[0.146s] [35m[1mScanning dependencies of target operator_node[0m
[0.213s] [ 50%] [32mBuilding CXX object CMakeFiles/operator_node.dir/src/operator.cpp.o[0m
[2.607s] [01m[K/home/jj/tasktown_ws/src/village_operator/src/operator.cpp:[m[K In function ‘[01m[Kvoid printTime(const std::chrono::time_point<std::chrono::_V2::steady_clock, std::chrono::duration<long int, std::ratio<1, 1000000000> > >&)[m[K’:
[2.607s] [01m[K/home/jj/tasktown_ws/src/village_operator/src/operator.cpp:916:23:[m[K [01;31m[Kerror: [m[K‘[01m[Ksetw[m[K’ is not a member of ‘[01m[Kstd[m[K’; did you mean ‘[01m[Kset[m[K’?
[2.608s]   916 |     std::cout << std::[01;31m[Ksetw[m[K(8) << std::left << hours << ":" << minutes << "_" << seconds << "'";
[2.608s]       |                       [01;31m[K^~~~[m[K
[2.608s]       |                       [32m[Kset[m[K
[2.608s] [01m[K/home/jj/tasktown_ws/src/village_operator/src/operator.cpp:[m[K In function ‘[01m[Kvoid Show_result(std::vector<std::pair<std::vector<int>, std::vector<std::chrono::time_point<std::chrono::_V2::steady_clock, std::chrono::duration<long int, std::ratio<1, 1000000000> > > > > >)[m[K’:
[2.608s] [01m[K/home/jj/tasktown_ws/src/village_operator/src/operator.cpp:928:31:[m[K [01;31m[Kerror: [m[K‘[01m[Ksetw[m[K’ is not a member of ‘[01m[Kstd[m[K’; did you mean ‘[01m[Kset[m[K’?
[2.609s]   928 |             std::cout << std::[01;31m[Ksetw[m[K(8) << std::left << value[0] << " ";
[2.609s]       |                               [01;31m[K^~~~[m[K
[2.609s]       |                               [32m[Kset[m[K
[2.610s] [01m[K/home/jj/tasktown_ws/src/village_operator/src/operator.cpp:936:31:[m[K [01;31m[Kerror: [m[K‘[01m[Ksetw[m[K’ is not a member of ‘[01m[Kstd[m[K’; did you mean ‘[01m[Kset[m[K’?
[2.610s]   936 |             std::cout << std::[01;31m[Ksetw[m[K(8) << std::left << ((value == 1) ? "已完成" : (value == 2) ? "已过期" : "未完成") << " ";
[2.610s]       |                               [01;31m[K^~~~[m[K
[2.610s]       |                               [32m[Kset[m[K
[3.702s] make[2]: *** [CMakeFiles/operator_node.dir/build.make:63：CMakeFiles/operator_node.dir/src/operator.cpp.o] 错误 1
[3.702s] make[1]: *** [CMakeFiles/Makefile2:78：CMakeFiles/operator_node.dir/all] 错误 2
[3.702s] make: *** [Makefile:141：all] 错误 2
[3.706s] Invoked command in '/home/jj/tasktown_ws/build/village_operator' returned '2': CMAKE_PREFIX_PATH=/home/jj/tasktown_ws/install/village_interfaces:/home/jj/tasktown_ws/install/village_taskgroups:/home/jj/tasktown_ws/install/village_task:/home/jj/tasktown_ws/install/village_operator:/opt/ros/foxy /usr/bin/cmake --build /home/jj/tasktown_ws/build/village_operator -- -j4 -l4
