-- Found ament_cmake: 0.9.12 (/opt/ros/foxy/share/ament_cmake/cmake)
-- Using PYTHON_EXECUTABLE: /usr/bin/python3
-- Override CMake install command with custom implementation using symlinks instead of copying resources
-- Found rclcpp: 2.4.3 (/opt/ros/foxy/share/rclcpp/cmake)
-- Using all available rosidl_typesupport_c: rosidl_typesupport_fastrtps_c;rosidl_typesupport_introspection_c
-- Found rosidl_adapter: 1.3.1 (/opt/ros/foxy/share/rosidl_adapter/cmake)
-- Using all available rosidl_typesupport_cpp: rosidl_typesupport_fastrtps_cpp;rosidl_typesupport_introspection_cpp
-- Found rmw_implementation_cmake: 1.0.4 (/opt/ros/foxy/share/rmw_implementation_cmake/cmake)
-- Using RMW implementation 'rmw_fastrtps_cpp' as default
-- Found village_interfaces: 0.0.0 (/home/jj/tasktown_ws/install/village_interfaces/share/village_interfaces/cmake)
-- Found ament_lint_auto: 0.9.8 (/opt/ros/foxy/share/ament_lint_auto/cmake)
-- Added test 'cppcheck' to perform static code analysis on C / C++ code
-- Configured cppcheck include dirs: 
-- Configured cppcheck exclude dirs and/or files: 
-- Added test 'lint_cmake' to check CMake code style
-- Added test 'uncrustify' to check C / C++ code style
-- Configured uncrustify additional arguments: 
-- Added test 'xmllint' to check XML markup files
-- Configuring done
-- Generating done
-- Build files have been written to: /home/jj/tasktown_ws/build/village_operator
[35m[1mScanning dependencies of target operator_node[0m
[ 50%] [32mBuilding CXX object CMakeFiles/operator_node.dir/src/operator.cpp.o[0m
[01m[K/home/jj/tasktown_ws/src/village_operator/src/operator.cpp:521:29:[m[K [01;31m[Kerror: [m[K‘[01m[KParameterEventHandler[m[K’ is not a member of ‘[01m[Krclcpp[m[K’; did you mean ‘[01m[KParameterEventsQoS[m[K’?
  521 |     std::shared_ptr<rclcpp::[01;31m[KParameterEventHandler[m[K> param_subscriber_;
      |                             [01;31m[K^~~~~~~~~~~~~~~~~~~~~[m[K
      |                             [32m[KParameterEventsQoS[m[K
[01m[K/home/jj/tasktown_ws/src/village_operator/src/operator.cpp:521:50:[m[K [01;31m[Kerror: [m[Ktemplate argument 1 is invalid
  521 |     std::shared_ptr<rclcpp::ParameterEventHandler[01;31m[K>[m[K param_subscriber_;
      |                                                  [01;31m[K^[m[K
[01m[K/home/jj/tasktown_ws/src/village_operator/src/operator.cpp:[m[K In constructor ‘[01m[KTaskAssignServer::TaskAssignServer(const string&)[m[K’:
[01m[K/home/jj/tasktown_ws/src/village_operator/src/operator.cpp:527:27:[m[K [01;35m[Kwarning: [m[K‘[01m[KTaskAssignServer::manager[m[K’ will be initialized after [[01;35m[K-Wreorder[m[K]
  527 |     TaskAssignmentManager [01;35m[Kmanager[m[K; // 管理任务分配矩阵
      |                           [01;35m[K^~~~~~~[m[K
[01m[K/home/jj/tasktown_ws/src/village_operator/src/operator.cpp:520:10:[m[K [01;35m[Kwarning: [m[K  ‘[01m[Kbool TaskAssignServer::is_first[m[K’ [[01;35m[K-Wreorder[m[K]
  520 |     bool [01;35m[Kis_first[m[K;
      |          [01;35m[K^~~~~~~~[m[K
[01m[K/home/jj/tasktown_ws/src/village_operator/src/operator.cpp:486:5:[m[K [01;35m[Kwarning: [m[K  when initialized here [[01;35m[K-Wreorder[m[K]
  486 |     [01;35m[KTaskAssignServer[m[K(const std::string &name) : Node(name), manager(),is_first(true)
      |     [01;35m[K^~~~~~~~~~~~~~~~[m[K
[01m[K/home/jj/tasktown_ws/src/village_operator/src/operator.cpp:489:9:[m[K [01;31m[Kerror: [m[K‘[01m[Ktimer_[m[K’ was not declared in this scope; did you mean ‘[01m[Ktimer_t[m[K’?
  489 |         [01;31m[Ktimer_[m[K = this->create_wall_timer(
      |         [01;31m[K^~~~~~[m[K
      |         [32m[Ktimer_t[m[K
[01m[K/home/jj/tasktown_ws/src/village_operator/src/operator.cpp:490:32:[m[K [01;31m[Kerror: [m[K‘[01m[KMinimalParam[m[K’ has not been declared
  490 |             1000ms, std::bind(&[01;31m[KMinimalParam[m[K::timer_callback, this));
      |                                [01;31m[K^~~~~~~~~~~~[m[K
make[2]: *** [CMakeFiles/operator_node.dir/build.make:63：CMakeFiles/operator_node.dir/src/operator.cpp.o] 错误 1
make[1]: *** [CMakeFiles/Makefile2:78：CMakeFiles/operator_node.dir/all] 错误 2
make: *** [Makefile:141：all] 错误 2
