[01m[K/home/jj/tasktown_ws/src/village_task/src/task.cpp:[m[K In member function â€˜[01m[Kvoid TaskRequestNode::send_stop_signal()[m[Kâ€™:
[01m[K/home/jj/tasktown_ws/src/village_task/src/task.cpp:60:19:[m[K [01;31m[Kerror: [m[Kâ€˜[01m[K__gnu_cxx::__alloc_traits<std::allocator<rclcpp::Parameter>, rclcpp::Parameter>::value_type[m[Kâ€™ {aka â€˜[01m[Kclass rclcpp::Parameter[m[Kâ€™} has no member named â€˜[01m[Kset_value[m[Kâ€™; did you mean â€˜[01m[Kget_value[m[Kâ€™?
   60 |         params[0].[01;31m[Kset_value[m[K(true);
      |                   [01;31m[K^~~~~~~~~[m[K
      |                   [32m[Kget_value[m[K
make[2]: *** [CMakeFiles/task_node.dir/build.make:63ï¼šCMakeFiles/task_node.dir/src/task.cpp.o] é”™è¯¯ 1
make[1]: *** [CMakeFiles/Makefile2:78ï¼šCMakeFiles/task_node.dir/all] é”™è¯¯ 2
make: *** [Makefile:141ï¼šall] é”™è¯¯ 2
