[0.060s] Invoking command in '/home/jj/tasktown_ws/build/village_task': CMAKE_PREFIX_PATH=/home/jj/tasktown_ws/install/village_interfaces:/home/jj/tasktown_ws/install/village_taskgroups:/home/jj/tasktown_ws/install/village_task:/home/jj/tasktown_ws/install/village_operator:/opt/ros/foxy /usr/bin/cmake --build /home/jj/tasktown_ws/build/village_task -- -j2 -l2
[0.189s] [35m[1mScanning dependencies of target task_node[0m
[0.296s] [ 50%] [32mBuilding CXX object CMakeFiles/task_node.dir/src/task.cpp.o[0m
[4.886s] [01m[K/home/jj/tasktown_ws/src/village_task/src/task.cpp:[m[K In member function â€˜[01m[Kvoid TaskRequestNode::send_stop_signal()[m[Kâ€™:
[4.886s] [01m[K/home/jj/tasktown_ws/src/village_task/src/task.cpp:60:19:[m[K [01;31m[Kerror: [m[Kâ€˜[01m[K__gnu_cxx::__alloc_traits<std::allocator<rclcpp::Parameter>, rclcpp::Parameter>::value_type[m[Kâ€™ {aka â€˜[01m[Kclass rclcpp::Parameter[m[Kâ€™} has no member named â€˜[01m[Kset_value[m[Kâ€™; did you mean â€˜[01m[Kget_value[m[Kâ€™?
[4.886s]    60 |         params[0].[01;31m[Kset_value[m[K(true);
[4.886s]       |                   [01;31m[K^~~~~~~~~[m[K
[4.886s]       |                   [32m[Kget_value[m[K
[7.531s] make[2]: *** [CMakeFiles/task_node.dir/build.make:63ï¼šCMakeFiles/task_node.dir/src/task.cpp.o] é”™è¯¯ 1
[7.531s] make[1]: *** [CMakeFiles/Makefile2:78ï¼šCMakeFiles/task_node.dir/all] é”™è¯¯ 2
[7.531s] make: *** [Makefile:141ï¼šall] é”™è¯¯ 2
[7.536s] Invoked command in '/home/jj/tasktown_ws/build/village_task' returned '2': CMAKE_PREFIX_PATH=/home/jj/tasktown_ws/install/village_interfaces:/home/jj/tasktown_ws/install/village_taskgroups:/home/jj/tasktown_ws/install/village_task:/home/jj/tasktown_ws/install/village_operator:/opt/ros/foxy /usr/bin/cmake --build /home/jj/tasktown_ws/build/village_task -- -j2 -l2
