[0.041s] Invoking command in '/home/jj/tasktown_ws/build/village_task': CMAKE_PREFIX_PATH=/home/jj/tasktown_ws/install/village_interfaces:/home/jj/tasktown_ws/install/village_taskgroups:/home/jj/tasktown_ws/install/village_task:/home/jj/tasktown_ws/install/village_operator:/opt/ros/foxy /usr/bin/cmake --build /home/jj/tasktown_ws/build/village_task -- -j2 -l2
[0.165s] [35m[1mScanning dependencies of target task_node[0m
[0.233s] [ 50%] [32mBuilding CXX object CMakeFiles/task_node.dir/src/task.cpp.o[0m
[3.861s] [01m[K/home/jj/tasktown_ws/src/village_task/src/task.cpp:134:5:[m[K [01;31m[Kerror: [m[Knon-static data member declared with placeholder â€˜[01m[Kauto[m[Kâ€™
[3.861s]   134 |     [01;31m[Kauto[m[K parameter_client = std::make_shared<rclcpp::AsyncParametersClient>(node,target_node_name);
[3.862s]       |     [01;31m[K^~~~[m[K
[3.862s] [01m[K/home/jj/tasktown_ws/src/village_task/src/task.cpp:135:10:[m[K [01;31m[Kerror: [m[Kâ€˜[01m[Kshared[m[Kâ€™ in namespace â€˜[01m[Kstd[m[Kâ€™ does not name a type
[3.862s]   135 |     std::[01;31m[Kshared[m[K
[3.862s]       |          [01;31m[K^~~~~~[m[K
[3.917s] [01m[K/home/jj/tasktown_ws/src/village_task/src/task.cpp:[m[K In constructor â€˜[01m[KTaskRequestNode::TaskRequestNode(const string&)[m[Kâ€™:
[3.917s] [01m[K/home/jj/tasktown_ws/src/village_task/src/task.cpp:31:9:[m[K [01;31m[Kerror: [m[Kâ€˜[01m[Ktask_update_client[m[Kâ€™ was not declared in this scope
[3.917s]    31 |         [01;31m[Ktask_update_client[m[K = this->create_client<village_interfaces::srv::TaskUpdate>("task_update");
[3.917s]       |         [01;31m[K^~~~~~~~~~~~~~~~~~[m[K
[3.997s] [01m[K/home/jj/tasktown_ws/src/village_task/src/task.cpp:[m[K In member function â€˜[01m[Kvoid TaskRequestNode::send_tasks_request()[m[Kâ€™:
[3.997s] [01m[K/home/jj/tasktown_ws/src/village_task/src/task.cpp:67:14:[m[K [01;31m[Kerror: [m[Kâ€˜[01m[Ktask_update_client[m[Kâ€™ was not declared in this scope
[3.997s]    67 |         if (![01;31m[Ktask_update_client[m[K->wait_for_service(std::chrono::seconds(2))) {
[3.997s]       |              [01;31m[K^~~~~~~~~~~~~~~~~~[m[K
[4.030s] [01m[K/home/jj/tasktown_ws/src/village_task/src/task.cpp:126:9:[m[K [01;31m[Kerror: [m[Kâ€˜[01m[Ktask_update_client[m[Kâ€™ was not declared in this scope
[4.030s]   126 |         [01;31m[Ktask_update_client[m[K->async_send_request(
[4.030s]       |         [01;31m[K^~~~~~~~~~~~~~~~~~[m[K
[6.182s] make[2]: *** [CMakeFiles/task_node.dir/build.make:63ï¼šCMakeFiles/task_node.dir/src/task.cpp.o] é”™è¯¯ 1
[6.182s] make[1]: *** [CMakeFiles/Makefile2:78ï¼šCMakeFiles/task_node.dir/all] é”™è¯¯ 2
[6.182s] make: *** [Makefile:141ï¼šall] é”™è¯¯ 2
[6.187s] Invoked command in '/home/jj/tasktown_ws/build/village_task' returned '2': CMAKE_PREFIX_PATH=/home/jj/tasktown_ws/install/village_interfaces:/home/jj/tasktown_ws/install/village_taskgroups:/home/jj/tasktown_ws/install/village_task:/home/jj/tasktown_ws/install/village_operator:/opt/ros/foxy /usr/bin/cmake --build /home/jj/tasktown_ws/build/village_task -- -j2 -l2
