[0.022s] Invoking command in '/home/jj/tasktown_ws/build/village_task': CMAKE_PREFIX_PATH=/home/jj/tasktown_ws/install/village_interfaces:/home/jj/tasktown_ws/install/village_taskgroups:/home/jj/tasktown_ws/install/village_task:/home/jj/tasktown_ws/install/village_operator:/opt/ros/foxy /usr/bin/cmake --build /home/jj/tasktown_ws/build/village_task -- -j2 -l2
[0.166s] [35m[1mScanning dependencies of target task_node[0m
[0.238s] [ 50%] [32mBuilding CXX object CMakeFiles/task_node.dir/src/task.cpp.o[0m
[2.538s] In file included from [01m[K/opt/ros/foxy/include/rclcpp/context.hpp:19[m[K,
[2.538s]                  from [01m[K/opt/ros/foxy/include/rclcpp/contexts/default_context.hpp:18[m[K,
[2.538s]                  from [01m[K/opt/ros/foxy/include/rclcpp/executor.hpp:32[m[K,
[2.538s]                  from [01m[K/opt/ros/foxy/include/rclcpp/executors/multi_threaded_executor.hpp:26[m[K,
[2.538s]                  from [01m[K/opt/ros/foxy/include/rclcpp/executors.hpp:21[m[K,
[2.538s]                  from [01m[K/opt/ros/foxy/include/rclcpp/rclcpp.hpp:146[m[K,
[2.538s]                  from [01m[K/home/jj/tasktown_ws/src/village_task/src/task.cpp:2[m[K:
[2.538s] /usr/include/c++/9/functional: In instantiation of â€˜[01m[Kstruct std::_Bind_check_arity<void (*)(int), TaskRequestNode*, const std::_Placeholder<1>&>[m[Kâ€™:
[2.538s] [01m[K/usr/include/c++/9/functional:787:12:[m[K   required from â€˜[01m[Kstruct std::_Bind_helper<false, void (*)(int), TaskRequestNode*, const std::_Placeholder<1>&>[m[Kâ€™
[2.538s] [01m[K/usr/include/c++/9/functional:808:5:[m[K   required by substitution of â€˜[01m[Ktemplate<class _Func, class ... _BoundArgs> typename std::_Bind_helper<std::__is_socketlike<_Func>::value, _Func, _BoundArgs ...>::type std::bind(_Func&&, _BoundArgs&& ...) [with _Func = void (*)(int); _BoundArgs = {TaskRequestNode*, const std::_Placeholder<1>&}][m[Kâ€™
[2.538s] [01m[K/home/jj/tasktown_ws/src/village_task/src/task.cpp:45:95:[m[K   required from here
[2.538s] [01m[K/usr/include/c++/9/functional:758:43:[m[K [01;31m[Kerror: [m[Kstatic assertion failed: Wrong number of arguments for function
[2.538s]   758 |       static_assert([01;31m[Ksizeof...(_BoundArgs) == sizeof...(_Args)[m[K,
[2.539s]       |                     [01;31m[K~~~~~~~~~~~~~~~~~~~~~~^~~~~~~~~~~~~~~~~~~[m[K
[2.546s] [01m[K/home/jj/tasktown_ws/src/village_task/src/task.cpp:[m[K In constructor â€˜[01m[KTaskRequestNode::TaskRequestNode(const string&)[m[Kâ€™:
[2.546s] [01m[K/home/jj/tasktown_ws/src/village_task/src/task.cpp:45:33:[m[K [01;31m[Kerror: [m[Kcannot convert â€˜[01m[Kstd::_Bind_helper<false, void (*)(int), TaskRequestNode*, const std::_Placeholder<1>&>::type[m[Kâ€™ {aka â€˜[01m[Kstd::_Bind<void (*(TaskRequestNode*, std::_Placeholder<1>))(int)>[m[Kâ€™} to â€˜[01m[K__sighandler_t[m[Kâ€™ {aka â€˜[01m[Kvoid (*)(int)[m[Kâ€™}
[2.546s]    45 |         signal(SIGINT, [01;31m[Kstd::bind(&TaskRequestNode::signal_handler, this, std::placeholders::_1)[m[K);
[2.546s]       |                        [01;31m[K~~~~~~~~~^~~~~~~~~~~~~~~~~~~~~~~~~~~~~~~~~~~~~~~~~~~~~~~~~~~~~~~~~~~~~~~[m[K
[2.546s]       |                                 [01;31m[K|[m[K
[2.546s]       |                                 [01;31m[Kstd::_Bind_helper<false, void (*)(int), TaskRequestNode*, const std::_Placeholder<1>&>::type {aka std::_Bind<void (*(TaskRequestNode*, std::_Placeholder<1>))(int)>}[m[K
[2.546s] In file included from [01m[K/usr/include/c++/9/csignal:42[m[K,
[2.546s]                  from [01m[K/opt/ros/foxy/include/rclcpp/rclcpp.hpp:143[m[K,
[2.546s]                  from [01m[K/home/jj/tasktown_ws/src/village_task/src/task.cpp:2[m[K:
[2.546s] [01m[K/usr/include/signal.h:88:57:[m[K [01;36m[Knote: [m[K  initializing argument 2 of â€˜[01m[Kvoid (* signal(int, __sighandler_t))(int)[m[Kâ€™
[2.547s]    88 | extern __sighandler_t signal (int __sig, [01;36m[K__sighandler_t __handler[m[K)
[2.547s]       |                                          [01;36m[K~~~~~~~~~~~~~~~^~~~~~~~~[m[K
[2.565s] [01m[K/home/jj/tasktown_ws/src/village_task/src/task.cpp:[m[K In static member function â€˜[01m[Kstatic void TaskRequestNode::signal_handler(int)[m[Kâ€™:
[2.565s] [01m[K/home/jj/tasktown_ws/src/village_task/src/task.cpp:151:30:[m[K [01;31m[Kerror: [m[Kcannot call member function â€˜[01m[Kvoid TaskRequestNode::send_stop_signal()[m[Kâ€™ without object
[2.565s]   151 |             send_stop_signal([01;31m[K)[m[K;
[2.565s]       |                              [01;31m[K^[m[K
[3.850s] make[2]: *** [CMakeFiles/task_node.dir/build.make:63ï¼šCMakeFiles/task_node.dir/src/task.cpp.o] é”™è¯¯ 1
[3.858s] make[1]: *** [CMakeFiles/Makefile2:78ï¼šCMakeFiles/task_node.dir/all] é”™è¯¯ 2
[3.858s] make: *** [Makefile:141ï¼šall] é”™è¯¯ 2
[3.859s] Invoked command in '/home/jj/tasktown_ws/build/village_task' returned '2': CMAKE_PREFIX_PATH=/home/jj/tasktown_ws/install/village_interfaces:/home/jj/tasktown_ws/install/village_taskgroups:/home/jj/tasktown_ws/install/village_task:/home/jj/tasktown_ws/install/village_operator:/opt/ros/foxy /usr/bin/cmake --build /home/jj/tasktown_ws/build/village_task -- -j2 -l2
