[0.042s] Invoking command in '/home/jj/tasktown_ws/build/village_task': CMAKE_PREFIX_PATH=/home/jj/tasktown_ws/install/village_interfaces:/home/jj/tasktown_ws/install/village_taskgroups:/home/jj/tasktown_ws/install/village_task:/home/jj/tasktown_ws/install/village_operator:/opt/ros/foxy /usr/bin/cmake --build /home/jj/tasktown_ws/build/village_task -- -j2 -l2
[0.134s] [35m[1mScanning dependencies of target task_node[0m
[0.208s] [ 50%] [32mBuilding CXX object CMakeFiles/task_node.dir/src/task.cpp.o[0m
[2.592s] [01m[K/home/jj/tasktown_ws/src/village_task/src/task.cpp:[m[K In member function â€˜[01m[Kvoid TaskRequestNode::send_tasks_request()[m[Kâ€™:
[2.593s] [01m[K/home/jj/tasktown_ws/src/village_task/src/task.cpp:67:34:[m[K [01;31m[Kerror: [m[Kinvalid use of non-static member function â€˜[01m[Kvoid TaskRequestNode::handle_signal(int)[m[Kâ€™
[2.593s]    67 |             signal(SIGINT, [01;31m[Kthis->handle_signal[m[K);
[2.593s]       |                            [01;31m[K~~~~~~^~~~~~~~~~~~~[m[K
[2.593s] [01m[K/home/jj/tasktown_ws/src/village_task/src/task.cpp:130:10:[m[K [01;36m[Knote: [m[Kdeclared here
[2.593s]   130 |     void [01;36m[Khandle_signal[m[K(int sig) {
[2.593s]       |          [01;36m[K^~~~~~~~~~~~~[m[K
[3.600s] make[2]: *** [CMakeFiles/task_node.dir/build.make:63ï¼šCMakeFiles/task_node.dir/src/task.cpp.o] é”™è¯¯ 1
[3.600s] make[1]: *** [CMakeFiles/Makefile2:78ï¼šCMakeFiles/task_node.dir/all] é”™è¯¯ 2
[3.600s] make: *** [Makefile:141ï¼šall] é”™è¯¯ 2
[3.603s] Invoked command in '/home/jj/tasktown_ws/build/village_task' returned '2': CMAKE_PREFIX_PATH=/home/jj/tasktown_ws/install/village_interfaces:/home/jj/tasktown_ws/install/village_taskgroups:/home/jj/tasktown_ws/install/village_task:/home/jj/tasktown_ws/install/village_operator:/opt/ros/foxy /usr/bin/cmake --build /home/jj/tasktown_ws/build/village_task -- -j2 -l2
